0 verbose cli /usr/local/bin/node /usr/local/bin/npm
1 info using npm@8.19.4
2 info using node@v16.20.2
3 timing npm:load:whichnode Completed in 1ms
4 timing config:load:defaults Completed in 3ms
5 timing config:load:file:/usr/local/lib/node_modules/npm/npmrc Completed in 2ms
6 timing config:load:builtin Completed in 2ms
7 warn config production Use `--omit=dev` instead.
8 timing config:load:cli Completed in 6ms
9 timing config:load:env Completed in 0ms
10 timing config:load:file:/data/.npmrc Completed in 6ms
11 timing config:load:project Completed in 12ms
12 timing config:load:file:/usr/src/node-red/.npmrc Completed in 0ms
13 timing config:load:user Completed in 1ms
14 timing config:load:file:/usr/local/etc/npmrc Completed in 3ms
15 timing config:load:global Completed in 3ms
16 timing config:load:validate Completed in 1ms
17 timing config:load:credentials Completed in 1ms
18 timing config:load:setEnvs Completed in 1ms
19 timing config:load Completed in 32ms
20 timing npm:load:configload Completed in 32ms
21 timing npm:load:mkdirpcache Completed in 7ms
22 timing npm:load:mkdirplogs Completed in 13ms
23 verbose title npm install node-red-contrib-string@1.0.0
24 verbose argv "install" "--no-audit" "--no-update-notifier" "--no-fund" "--save" "--save-prefix" "~" "--production" "--engine-strict" "node-red-contrib-string@1.0.0"
25 timing npm:load:setTitle Completed in 2ms
26 timing config:load:flatten Completed in 4ms
27 timing npm:load:display Completed in 7ms
28 verbose logfile logs-max:10 dir:/data/.npm/_logs
29 verbose logfile /data/.npm/_logs/2023-12-07T03_19_10_078Z-debug-0.log
30 timing npm:load:logFile Completed in 34ms
31 timing npm:load:timers Completed in 1ms
32 timing npm:load:configScope Completed in 0ms
33 timing npm:load Completed in 100ms
34 timing arborist:ctor Completed in 1ms
35 silly logfile start cleaning logs, removing 1 files
36 silly logfile done cleaning log files
37 timing idealTree:init Completed in 144ms
38 timing idealTree:userRequests Completed in 2ms
39 silly idealTree buildDeps
40 silly fetch manifest node-red-contrib-string@1.0.0
41 verbose shrinkwrap failed to load node_modules/.package-lock.json out of date, updated: node_modules
42 http fetch GET 200 https://registry.npmjs.org/node-red-contrib-string 1058ms (cache miss)
43 silly placeDep ROOT node-red-contrib-string@1.0.0 OK for: node-red-project@0.0.1 want: 1.0.0
44 silly fetch manifest string@https://github.com/Steveorevo/string.js/archive/3.3.8.tar.gz
45 http fetch GET 200 https://codeload.github.com/Steveorevo/string.js/tar.gz/refs/tags/3.3.8 1151ms (cache miss)
46 timing idealTree:#root Completed in 2393ms
47 silly placeDep ROOT string@3.3.8 OK for: node-red-contrib-string@1.0.0 want: https://github.com/Steveorevo/string.js/archive/3.3.8.tar.gz
48 timing idealTree:node_modules/node-red-contrib-string Completed in 3ms
49 timing idealTree:node_modules/string Completed in 0ms
50 timing idealTree:buildDeps Completed in 2401ms
51 timing idealTree:fixDepFlags Completed in 1ms
52 timing idealTree Completed in 2555ms
53 timing reify:loadTrees Completed in 2557ms
54 timing reify:diffTrees Completed in 8ms
55 silly reify moves {}
56 timing reify:retireShallow Completed in 2ms
57 timing reify:createSparse Completed in 10ms
58 timing reify:trashOmits Completed in 0ms
59 timing reify:loadBundles Completed in 0ms
60 silly tarball no local data for node-red-contrib-string@https://registry.npmjs.org/node-red-contrib-string/-/node-red-contrib-string-1.0.0.tgz. Extracting by manifest.
61 timing reifyNode:node_modules/string Completed in 195ms
62 http fetch GET 200 https://registry.npmjs.org/node-red-contrib-string/-/node-red-contrib-string-1.0.0.tgz 1711ms (cache miss)
63 timing reifyNode:node_modules/node-red-contrib-string Completed in 1735ms
64 timing reify:unpack Completed in 1737ms
65 timing reify:unretire Completed in 0ms
66 timing build:queue Completed in 7ms
67 timing build:deps Completed in 8ms
68 timing build Completed in 9ms
69 timing reify:build Completed in 11ms
70 timing reify:trash Completed in 0ms
71 timing reify:save Completed in 41ms
72 timing reify Completed in 4405ms
73 silly ADD node_modules/string
74 silly ADD node_modules/node-red-contrib-string
75 timing command:install Completed in 4413ms
76 verbose exit 0
77 timing npm Completed in 4648ms
78 info ok
